<?xml version="1.0" encoding="UTF-8"?>
<!-- Generated by org.testng.reporters.JUnitXMLReporter -->
<testsuite ignored="0" hostname="LAPTOP-8FRMBSEQ" failures="1" tests="2" name="login" time="43.414" errors="0" timestamp="21 Aug 2020 06:46:57 GMT">
  <testcase classname="Testcases.Login_TestCases" name="loginVerified" time="12.909"/>
  <testcase classname="Testcases.Login_TestCases" name="loginVerified" time="43.349">
    <failure type="java.lang.NullPointerException">
      <![CDATA[java.lang.NullPointerException
at Utilities.ExtentReporting.onTestSuccess(ExtentReporting.java:53)
... Removed 22 stack frames]]>
    </failure>
  </testcase> <!-- loginVerified -->
</testsuite> <!-- login -->
