<?xml version="1.0" encoding="UTF-8"?>
<!-- Generated by org.testng.reporters.JUnitXMLReporter -->
<testsuite ignored="0" hostname="LAPTOP-8FRMBSEQ" failures="0" tests="4" name="Registration" time="136.803" errors="0" timestamp="21 Aug 2020 06:07:08 GMT">
  <testcase classname="Testcases.Registration_testcase" name="registration" time="18.131"/>
  <testcase classname="Testcases.Registration_testcase" name="registration" time="10.292"/>
  <testcase classname="Testcases.Registration_testcase" name="registration" time="14.611"/>
  <testcase classname="Testcases.Registration_testcase" name="registration" time="17.418"/>
</testsuite> <!-- Registration -->
