<?xml version="1.0" encoding="UTF-8"?>
<!-- Generated by org.testng.reporters.JUnitXMLReporter -->
<testsuite ignored="0" hostname="LAPTOP-8FRMBSEQ" failures="0" tests="4" name="Test1" time="107.294" errors="0" timestamp="18 Aug 2020 22:47:40 GMT">
  <testcase classname="Testcases.Registration_testcase" name="registration" time="17.902"/>
  <testcase classname="Testcases.Registration_testcase" name="registration" time="7.529"/>
  <testcase classname="Testcases.Registration_testcase" name="registration" time="8.679"/>
  <testcase classname="Testcases.Registration_testcase" name="registration" time="15.038"/>
</testsuite> <!-- Test1 -->
