<?xml version="1.0" encoding="UTF-8"?>
<testng-results ignored="0" total="1" passed="1" failed="0" skipped="0">
  <reporter-output>
  </reporter-output>
  <suite started-at="2020-08-22T21:44:34Z" name="Default suite" finished-at="2020-08-22T21:44:38Z" duration-ms="3251">
    <groups>
    </groups>
    <test started-at="2020-08-22T21:44:34Z" name="Default test" finished-at="2020-08-22T21:44:38Z" duration-ms="3251">
      <class name="Utilities.EmailUtil">
        <test-method signature="sendemail()[pri:0, instance:Utilities.EmailUtil@4009e306]" started-at="2020-08-22T21:44:34Z" name="sendemail" finished-at="2020-08-22T21:44:38Z" duration-ms="3159" status="PASS">
          <reporter-output>
          </reporter-output>
        </test-method> <!-- sendemail -->
      </class> <!-- Utilities.EmailUtil -->
    </test> <!-- Default test -->
  </suite> <!-- Default suite -->
</testng-results>
